<?xml version="1.0" encoding="UTF-8"?>
<!-- Generated by org.testng.reporters.JUnitReportReporter -->
<testsuite skipped="0" hostname="ind126.local" name="TestCases.ios.LoginTest" tests="1" failures="0" timestamp="27 Mar 2018 05:38:04 GMT" time="15.650" errors="0">
  <testcase name="Openapp" time="15.650" classname="TestCases.ios.LoginTest"/>
</testsuite> <!-- TestCases.ios.LoginTest -->
