<?xml version="1.0" encoding="UTF-8"?>
<!-- Generated by org.testng.reporters.JUnitReportReporter -->
<testsuite skipped="0" hostname="ind126.local" name="TestCases.ios.LoginTest" tests="1" failures="0" timestamp="24 Mar 2018 13:32:06 GMT" time="20.680" errors="0">
  <testcase name="Openapp" time="20.680" classname="TestCases.ios.LoginTest"/>
</testsuite> <!-- TestCases.ios.LoginTest -->
